This is pdfTeXk, Version 3.141592-1.40.3 (Web2C 7.5.6) (format=pdflatex 2009.6.9)  16 JUL 2009 13:59
entering extended mode
 %&-line parsing enabled.
**tamimSookoorCV.tex
(./tamimSookoorCV.tex
LaTeX2e <2005/12/01>
Babel <v3.8h> and hyphenation patterns for english, usenglishmax, dumylang, noh
yphenation, croatian, ukrainian, russian, bulgarian, czech, slovak, danish, dut
ch, finnish, basque, french, german, ngerman, ibycus, greek, monogreek, ancient
greek, hungarian, italian, latin, mongolian, norsk, icelandic, interlingua, tur
kish, coptic, romanian, welsh, serbian, slovenian, estonian, esperanto, upperso
rbian, indonesian, polish, portuguese, spanish, catalan, galician, swedish, loa
ded.
(/usr/share/texmf-texlive/tex/latex/base/article.cls
Document Class: article 2005/09/16 v1.4f Standard LaTeX document class
(/usr/share/texmf-texlive/tex/latex/base/size10.clo
File: size10.clo 2005/09/16 v1.4f Standard LaTeX file (size option)
)
\c@part=\count79
\c@section=\count80
\c@subsection=\count81
\c@subsubsection=\count82
\c@paragraph=\count83
\c@subparagraph=\count84
\c@figure=\count85
\c@table=\count86
\abovecaptionskip=\skip41
\belowcaptionskip=\skip42
\bibindent=\dimen102
)
(/usr/share/texmf-texlive/tex/latex/tools/calc.sty
Package: calc 2005/08/06 v4.2 Infix arithmetic (KKT,FJ)
\calc@Acount=\count87
\calc@Bcount=\count88
\calc@Adimen=\dimen103
\calc@Bdimen=\dimen104
\calc@Askip=\skip43
\calc@Bskip=\skip44
LaTeX Info: Redefining \setlength on input line 75.
LaTeX Info: Redefining \addtolength on input line 76.
\calc@Ccount=\count89
\calc@Cskip=\skip45
)
(/usr/share/texmf-texlive/tex/latex/geometry/geometry.sty
Package: geometry 2002/07/08 v3.2 Page Geometry

(/usr/share/texmf-texlive/tex/latex/graphics/keyval.sty
Package: keyval 1999/03/16 v1.13 key=value parser (DPC)
\KV@toks@=\toks14
)
\Gm@cnth=\count90
\Gm@cntv=\count91
\c@Gm@tempcnt=\count92
\Gm@bindingoffset=\dimen105
\Gm@wd@mp=\dimen106
\Gm@odd@mp=\dimen107
\Gm@even@mp=\dimen108
\Gm@dimlist=\toks15
)
(/usr/share/texmf-texlive/tex/latex/paralist/paralist.sty
Package: paralist 2002/03/18 v2.3b Extended list environments (BS)
\pltopsep=\skip46
\plpartopsep=\skip47
\plitemsep=\skip48
\plparsep=\skip49
\pl@lab=\toks16
)
(/usr/share/texmf-texlive/tex/latex/fancyhdr/fancyhdr.sty
\fancy@headwidth=\skip50
\f@ncyO@elh=\skip51
\f@ncyO@erh=\skip52
\f@ncyO@olh=\skip53
\f@ncyO@orh=\skip54
\f@ncyO@elf=\skip55
\f@ncyO@erf=\skip56
\f@ncyO@olf=\skip57
\f@ncyO@orf=\skip58
)
(/usr/share/texmf-texlive/tex/latex/lastpage/lastpage.sty
Package: lastpage 1994/06/25 v0.1b LaTeX2e package for refs to last page number
 (JPG)
)
\footpageshift=\skip59

(/usr/share/texmf-texlive/tex/latex/graphics/color.sty
Package: color 2005/11/14 v1.0j Standard LaTeX Color (DPC)

(/etc/texmf/tex/latex/config/color.cfg
File: color.cfg 2007/01/18 v1.5 color configuration of teTeX/TeXLive
)
Package color Info: Driver file: pdftex.def on input line 130.

(/usr/share/texmf-texlive/tex/latex/pdftex-def/pdftex.def
File: pdftex.def 2007/01/08 v0.04d Graphics/color for pdfTeX
\Gread@gobject=\count93
))
(/usr/share/texmf-texlive/tex/latex/hyperref/hyperref.sty
Package: hyperref 2007/02/07 v6.75r Hypertext links for LaTeX
\@linkdim=\dimen109
\Hy@linkcounter=\count94
\Hy@pagecounter=\count95

(/usr/share/texmf-texlive/tex/latex/hyperref/pd1enc.def
File: pd1enc.def 2007/02/07 v6.75r Hyperref: PDFDocEncoding definition (HO)
)
(/etc/texmf/tex/latex/config/hyperref.cfg
File: hyperref.cfg 2002/06/06 v1.2 hyperref configuration of TeXLive
)
(/usr/share/texmf-texlive/tex/latex/oberdiek/kvoptions.sty
Package: kvoptions 2006/08/22 v2.4 Connects package keyval with LaTeX options (
HO)
)
Package hyperref Info: Hyper figures OFF on input line 2288.
Package hyperref Info: Link nesting OFF on input line 2293.
Package hyperref Info: Hyper index ON on input line 2296.
Package hyperref Info: Plain pages OFF on input line 2303.
Package hyperref Info: Backreferencing OFF on input line 2308.

Implicit mode ON; LaTeX internals redefined
Package hyperref Info: Bookmarks ON on input line 2444.
(/usr/share/texmf-texlive/tex/latex/ltxmisc/url.sty
\Urlmuskip=\muskip10
Package: url 2005/06/27  ver 3.2  Verb mode for urls, etc.
)
LaTeX Info: Redefining \url on input line 2599.
\Fld@menulength=\count96
\Field@Width=\dimen110
\Fld@charsize=\dimen111
\Choice@toks=\toks17
\Field@toks=\toks18
Package hyperref Info: Hyper figures OFF on input line 3102.
Package hyperref Info: Link nesting OFF on input line 3107.
Package hyperref Info: Hyper index ON on input line 3110.
Package hyperref Info: backreferencing OFF on input line 3117.
Package hyperref Info: Link coloring OFF on input line 3122.
\Hy@abspage=\count97
\c@Item=\count98
\c@Hfootnote=\count99
)
*hyperref using default driver hpdftex*
(/usr/share/texmf-texlive/tex/latex/hyperref/hpdftex.def
File: hpdftex.def 2007/02/07 v6.75r Hyperref driver for pdfTeX
\Fld@listcount=\count100
)
Package hyperref Info: Option `colorlinks' set `true' on input line 121.
Package hyperref Info: Option `breaklinks' set `true' on input line 121.


Package hyperref Warning: Values of option `pdfpagemode':
(hyperref)                * `UseNone'
(hyperref)                * `UseOutlines'
(hyperref)                * `UseThumbs'
(hyperref)                * `FullScreen'
(hyperref)                * `UseOC' (PDF 1.5)
(hyperref)                * `UseAttachments' (PDF 1.6)
(hyperref)                * An empty value disables the option.
(hyperref)                Unknown value `node' on input line 121.


Package geometry Warning: Over-specification in `h'-direction.
    `width' (523.95747pt) is ignored.


Package geometry Warning: Over-specification in `v'-direction.
    `height' (614.295pt) is ignored.

(/usr/share/texmf-texlive/tex/latex/sectsty/sectsty.sty
Package: sectsty 2002/02/25 v2.0.2 Commands to change all sectional heading sty
les
) (./tamimSookoorCV.aux)
\openout1 = `tamimSookoorCV.aux'.

LaTeX Font Info:    Checking defaults for OML/cmm/m/it on input line 205.
LaTeX Font Info:    ... okay on input line 205.
LaTeX Font Info:    Checking defaults for T1/cmr/m/n on input line 205.
LaTeX Font Info:    ... okay on input line 205.
LaTeX Font Info:    Checking defaults for OT1/cmr/m/n on input line 205.
LaTeX Font Info:    ... okay on input line 205.
LaTeX Font Info:    Checking defaults for OMS/cmsy/m/n on input line 205.
LaTeX Font Info:    ... okay on input line 205.
LaTeX Font Info:    Checking defaults for OMX/cmex/m/n on input line 205.
LaTeX Font Info:    ... okay on input line 205.
LaTeX Font Info:    Checking defaults for U/cmr/m/n on input line 205.
LaTeX Font Info:    ... okay on input line 205.
LaTeX Font Info:    Checking defaults for PD1/pdf/m/n on input line 205.
LaTeX Font Info:    ... okay on input line 205.
-------------------- Geometry parameters
paper: letterpaper
landscape: --
twocolumn: --
twoside: --
asymmetric: --
h-parts: 72.26999pt, 469.75502pt, 72.26999pt
v-parts: 72.26999pt, 650.43001pt, 72.26999pt
hmarginratio: --
vmarginratio: --
lines: --
heightrounded: --
bindingoffset: 0.0pt
truedimen: --
includehead: --
includefoot: --
includemp: true
driver: pdftex
-------------------- Page layout dimensions and switches
\paperwidth  614.295pt
\paperheight 794.96999pt
\textwidth  379.41754pt
\textheight 650.43001pt
\oddsidemargin  90.33748pt
\evensidemargin 90.33748pt
\topmargin  -37.0pt
\headheight 12.0pt
\headsep    25.0pt
\footskip   30.0pt
\marginparwidth 86.72377pt
\marginparsep   3.61371pt
\columnsep  10.0pt
\skip\footins  9.0pt plus 4.0pt minus 2.0pt
\hoffset 0.0pt
\voffset 0.0pt
\mag 1000
\@reversemargintrue 
(1in=72.27pt, 1cm=28.45pt)
-----------------------
Package hyperref Info: Link coloring ON on input line 205.
(/usr/share/texmf-texlive/tex/latex/hyperref/nameref.sty
Package: nameref 2006/12/27 v2.28 Cross-referencing by name of section

(/usr/share/texmf-texlive/tex/latex/oberdiek/refcount.sty
Package: refcount 2006/02/20 v3.0 Data extraction from references (HO)
)
\c@section@level=\count101
)
LaTeX Info: Redefining \ref on input line 205.
LaTeX Info: Redefining \pageref on input line 205.

(./tamimSookoorCV.out) (./tamimSookoorCV.out)
\@outlinefile=\write3
\openout3 = `tamimSookoorCV.out'.

\rcollength=\skip60
LaTeX Font Info:    External font `cmex10' loaded for size
(Font)              <7> on input line 218.
LaTeX Font Info:    External font `cmex10' loaded for size
(Font)              <5> on input line 218.

Overfull \hbox (18.0pt too wide) in paragraph at lines 216--230
[] [] 
 []


Package paralist Warning: Incorrect label; no or multiple counters.
(paralist)                The label is: \hskip .5em\relax \textbullet  on input
 line 249.

LaTeX Font Info:    Try loading font information for OMS+cmr on input line 249.

(/usr/share/texmf-texlive/tex/latex/base/omscmr.fd
File: omscmr.fd 1999/05/25 v2.5h Standard LaTeX font definitions
)
LaTeX Font Info:    Font shape `OMS/cmr/m/n' in size <10> not available
(Font)              Font shape `OMS/cmsy/m/n' tried instead on input line 249.


Package paralist Warning: Incorrect label; no or multiple counters.
(paralist)                The label is: \hskip .5em\relax \textbullet  on input
 line 254.


Package paralist Warning: Incorrect label; no or multiple counters.
(paralist)                The label is: \hskip .5em\relax \textbullet  on input
 line 270.


Package paralist Warning: Incorrect label; no or multiple counters.
(paralist)                The label is: \hskip .5em\relax \textbullet  on input
 line 274.


Package paralist Warning: Incorrect label; no or multiple counters.
(paralist)                The label is: \hskip .5em\relax \textbullet  on input
 line 288.


Package paralist Warning: Incorrect label; no or multiple counters.
(paralist)                The label is: \hskip .5em\relax \textbullet  on input
 line 293.


Package paralist Warning: Incorrect label; no or multiple counters.
(paralist)                The label is: \hskip .5em\relax \textbullet  on input
 line 312.


Package paralist Warning: Incorrect label; no or multiple counters.
(paralist)                The label is: \hskip .5em\relax \textbullet  on input
 line 324.


Package paralist Warning: Incorrect label; no or multiple counters.
(paralist)                The label is: \hskip .5em\relax \textbullet  on input
 line 327.

[1

{/var/lib/texmf/fonts/map/pdftex/updmap/pdftex.map}]

Package paralist Warning: Incorrect label; no or multiple counters.
(paralist)                The label is: \hskip .5em\relax \textbullet  on input
 line 345.


Package paralist Warning: Incorrect label; no or multiple counters.
(paralist)                The label is: \hskip .5em\relax \textbullet  on input
 line 349.


Package paralist Warning: Incorrect label; no or multiple counters.
(paralist)                The label is: \hskip .5em\relax \textbullet  on input
 line 362.


Package paralist Warning: Incorrect label; no or multiple counters.
(paralist)                The label is: \hskip .5em\relax \textbullet  on input
 line 374.


Package paralist Warning: Incorrect label; no or multiple counters.
(paralist)                The label is: \hskip .5em\relax \textbullet  on input
 line 430.

[2]

Package paralist Warning: Incorrect label; no or multiple counters.
(paralist)                The label is: \hskip .5em\relax \textbullet  on input
 line 439.


Overfull \hbox (2.22221pt too wide) in paragraph at lines 488--502
[] [] [] 
 []

AED: lastpage setting LastPage [3] (./tamimSookoorCV.aux) ) 
Here is how much of TeX's memory you used:
 3179 strings out of 94101
 44292 string characters out of 1165811
 107474 words of memory out of 1500000
 6413 multiletter control sequences out of 10000+50000
 6188 words of font info for 23 fonts, out of 1200000 for 2000
 637 hyphenation exceptions out of 8191
 25i,8n,43p,370b,568s stack positions out of 5000i,500n,6000p,200000b,5000s
</usr/share/texmf-te
xlive/fonts/type1/bluesky/cm/cmbx10.pfb></usr/share/texmf-texlive/fonts/type1/b
luesky/cm/cmbx12.pfb></usr/share/texmf-texlive/fonts/type1/bluesky/cm/cmcsc10.p
fb></usr/share/texmf-texlive/fonts/type1/bluesky/cm/cmmi10.pfb></usr/share/texm
f-texlive/fonts/type1/bluesky/cm/cmr10.pfb></usr/share/texmf-texlive/fonts/type
1/bluesky/cm/cmr7.pfb></usr/share/texmf-texlive/fonts/type1/bluesky/cm/cmr8.pfb
></usr/share/texmf-texlive/fonts/type1/bluesky/cm/cmsl10.pfb></usr/share/texmf-
texlive/fonts/type1/bluesky/cm/cmsy10.pfb></usr/share/texmf-texlive/fonts/type1
/bluesky/cm/cmti10.pfb></usr/share/texmf-texlive/fonts/type1/bluesky/cm/cmtt10.
pfb></usr/share/texmf-texlive/fonts/type1/bluesky/cm/cmtt8.pfb>
Output written on tamimSookoorCV.pdf (3 pages, 109313 bytes).
PDF statistics:
 224 PDF objects out of 1000 (max. 8388607)
 47 named destinations out of 1000 (max. 131072)
 137 words of extra memory for PDF output out of 10000 (max. 10000000)

